<?xml version="1.0" encoding="UTF-8"?>
<!-- Generated by org.testng.reporters.JUnitReportReporter -->
<testsuite hostname="LAPTOP-9KH57PMB" failures="0" tests="3" name="Testng.sequencingpriority" time="0.001" errors="0" timestamp="2022-12-19T18:07:43 IST" skipped="0">
  <testcase classname="Testng.sequencingpriority" name="Papaya" time="0.001"/>
  <system-out/>
  <testcase classname="Testng.sequencingpriority" name="Orange" time="0.000"/>
  <system-out/>
  <testcase classname="Testng.sequencingpriority" name="Jackfruit" time="0.000"/>
  <system-out/>
</testsuite> <!-- Testng.sequencingpriority -->
