<?xml version="1.0" encoding="UTF-8"?>
<!-- Generated by org.testng.reporters.JUnitReportReporter -->
<testsuite hostname="LAPTOP-9KH57PMB" failures="0" tests="1" name="Testng.login" time="0.007" errors="0" timestamp="2023-02-21T16:58:57 IST" skipped="0">
  <testcase classname="Testng.login" name="m1" time="0.007"/>
  <system-out/>
</testsuite> <!-- Testng.login -->
