<?xml version="1.0" encoding="UTF-8"?>
<!-- Generated by org.testng.reporters.JUnitReportReporter -->
<testsuite hostname="LAPTOP-9KH57PMB" failures="0" tests="3" name="Testng.DataProviderDemo" time="28.587" errors="0" timestamp="2022-12-20T18:12:00 IST" skipped="0">
  <testcase classname="Testng.DataProviderDemo" name="logintest" time="10.583"/>
  <system-out/>
  <testcase classname="Testng.DataProviderDemo" name="logintest" time="8.551"/>
  <system-out/>
  <testcase classname="Testng.DataProviderDemo" name="logintest" time="9.453"/>
  <system-out/>
</testsuite> <!-- Testng.DataProviderDemo -->
